C251 COMPILER V5.60.0,  main                                                               15/03/23  17:41:43  PAGE 1   


C251 COMPILER V5.60.0, COMPILATION OF MODULE main
OBJECT MODULE PLACED IN .\Out_File\main.obj
COMPILER INVOKED BY: C:\Learning\Keil_v5\body\C251\BIN\C251.EXE ..\USER\src\main.c XSMALL INTR2 WARNINGLEVEL(3) BROWSE I
                    -NCDIR(..\..\Libraries\libraries;..\..\Libraries\seekfree_libraries;..\..\Libraries\seekfree_peripheral;..\CODE;..\USER\i
                    -nc;..\USER\src;..\MDK) DEBUG PRINT(.\Out_File\main.lst) TABS(2) OBJECT(.\Out_File\main.obj) 

stmt  level    source

    1          /********************************************************************************************************
             -*************
    2           * COPYRIGHT NOTICE
    3           * Copyright (c) 2020,逐飞科技
    4           * All rights reserved.
    5           * 技术讨论QQ群：一群：179029047(已满)  二群：244861897(已满)  三群：824575535
    6           *
    7           * 以下所有内容版权均属逐飞科技所有，未经允许不得用于商业用途，
    8           * 欢迎各位使用并传播本程序，修改内容时必须保留逐飞科技的版权声明。
    9           *
   10           * @file          main
   11           * @company       成都逐飞科技有限公司
   12           * @author        逐飞科技(QQ790875685)
   13           * @version       查看doc内version文件 版本说明
   14           * @Software    MDK FOR C251 V5.60
   15           * @Target core   STC16F40K128
   16           * @Taobao      https://seekfree.taobao.com/
   17           * @date          2020-12-18
   18           ********************************************************************************************************
             -************/
   19          
   20          #include "headfile.h"
   21          #include "Variable.h"
   22          #include "ui.h"
   23          #include "Allinit.h"
   24          #include "encoder.h"
   25          
   26          #define LED P52//debug专用小灯灯
   27          /*
   28           *关于内核频率的设定，可以查看board.h文件
   29           *在board_init中,已经将P54引脚设置为复位
   30           *如果需要使用P54引脚,可以在board.c文件中的board_init()函数中删除SET_P54_RESRT即可
   31           */
   32          
   33          
   34          void main()
   35          {
   36   1        DisableGlobalIRQ();   //关闭总中断
   37   1        
   38   1          //sys_clk可选值:30000000, 27000000. 24000000, 22118400, 20000000, 18432000, 12000000, 11059200, 60000
             -00, 5529600。
   39   1          //设置系统频率，此频率需要跟STC-ISP软件中的 <输入用户程序运行的IRC频率>选项的频率一致。
   40   1          //如果频率设置不对，将会导致串口的数据不正常,PWM的工作不正常等等。
   41   1          sys_clk = 30000000;     //设置系统频率为30MHz
   42   1          
   43   1        board_init();     //初始化寄存器
   44   1        //此处编写用户代码(例如：外设初始化代码等)
   45   1      /*  while(SCAN == 0) //此处写电感扫描采集按键，需修改
   46   1        {
   47   1          find_mm_adc(&dg_state);
   48   1        }
   49   1        */
   50   1        ALL_init();   
   51   1        //总中断最后开启
   52   1        EnableGlobalIRQ();    //开启总中断
   53   1        
   54   1          while(1)
C251 COMPILER V5.60.0,  main                                                               15/03/23  17:41:43  PAGE 2   

   55   1        {
   56   2              //此处编写需要循环执行的代码
   57   2          delay_ms(1000);
   58   2          //pwm_duty(PWMB_CH1_P74, 5000)
   59   2          //printf("SP_L = %d\r\n\r\n", speed_now.speed_L);
   60   2          printf("SP_R = %d\r\n", speed_now.speed_R);//当前
   61   2          printf("SP_RA = %d\r\n", speed_state.Strai_speed_R_ai);//目标
   62   2          printf("pwm = %d\r\n\r\n", PWM_Motor_R_now);
   63   2          
   64   2          /*printf("SP_ER = %d\r\n", err_motor.err_R_m);//当前误差
   65   2          printf("SP_ER2 = %d\r\n", err_motor.err_derivative_R_m);//当前误差和上次误差之差
   66   2          printf("SP_ER3 = %d\r\n\r\n", err_motor.err_derivative2_R_m);//上上次误差和上次误差之差
   67   2          */
   68   2              
   69   2          printf("P = %f\r\n", pid_motor.p_motor);
   70   2          printf("I = %f\r\n", pid_motor.i_motor);
   71   2          printf("D = %f\r\n\r\n", pid_motor.d_motor);
   72   2          
   73   2          printf("PWM_L = %d \r\n\r\n",PWM_Motor_L_now);
   74   2          printf("PWM_R = %d \r\n\r\n",PWM_Motor_R_now);
   75   2          printf("\r\n\r\n");
   76   2        
   77   2          }
   78   1      }
   79          


Module Information          Static   Overlayable
------------------------------------------------
  code size            =       197     ------
  ecode size           =    ------     ------
  data size            =    ------     ------
  idata size           =    ------     ------
  pdata size           =    ------     ------
  xdata size           =    ------     ------
  xdata-const size     =    ------     ------
  edata size           =    ------     ------
  bit size             =    ------     ------
  ebit size            =    ------     ------
  bitaddressable size  =    ------     ------
  ebitaddressable size =    ------     ------
  far data size        =    ------     ------
  huge data size       =    ------     ------
  const size           =    ------     ------
  hconst size          =       104     ------
End of Module Information.


C251 COMPILATION COMPLETE.  0 WARNING(S),  0 ERROR(S)
